2024-03-25 10:18:01.856 [info] Added views:workbench.panel.markers.view in workbench.panel.markers
2024-03-25 10:18:01.856 [info] Added views:workbench.panel.output in workbench.panel.output
2024-03-25 10:18:01.856 [info] Added views:terminal in terminal
2024-03-25 10:18:01.856 [info] Added views:outline in workbench.view.explorer
2024-03-25 10:18:01.856 [info] Added views:workbench.scm in workbench.view.scm
2024-03-25 10:18:01.856 [info] Added views:workbench.view.search in workbench.view.search
2024-03-25 10:18:01.856 [info] Added views:timeline in workbench.view.explorer
2024-03-25 10:18:01.856 [info] Added views:workbench.explorer.emptyView in workbench.view.explorer
2024-03-25 10:18:02.929 [info] Added views:workbench.debug.variablesView,workbench.debug.watchExpressionsView,workbench.debug.callStackView,workbench.debug.breakPointsView in workbench.view.debug
2024-03-25 10:18:04.135 [info] Added views:dockerContainers,dockerImages,dockerRegistries,dockerNetworks,dockerVolumes,vscode-docker.views.dockerContexts,vscode-docker.views.help in workbench.view.extension.dockerView
2024-03-25 10:18:04.198 [info] Added views:~remote.forwardedPorts in ~remote.forwardedPortsContainer
2024-03-25 10:18:04.703 [info] Added views:workbench.panel.repl.view in workbench.panel.repl
2024-03-25 10:18:04.730 [info] Removed views:workbench.debug.breakPointsView,workbench.debug.callStackView,workbench.debug.watchExpressionsView,workbench.debug.variablesView from workbench.view.debug
2024-03-25 10:18:04.731 [info] Added views:workbench.debug.welcome in workbench.view.debug
2024-03-25 10:18:13.616 [info] Added views:workbench.panel.markers.view in workbench.panel.markers
2024-03-25 10:18:13.616 [info] Added views:workbench.panel.output in workbench.panel.output
2024-03-25 10:18:13.616 [info] Added views:terminal in terminal
2024-03-25 10:18:13.616 [info] Added views:outline in workbench.view.explorer
2024-03-25 10:18:13.616 [info] Added views:workbench.scm in workbench.view.scm
2024-03-25 10:18:13.616 [info] Added views:workbench.view.search in workbench.view.search
2024-03-25 10:18:13.616 [info] Added views:timeline in workbench.view.explorer
2024-03-25 10:18:13.616 [info] Added views:workbench.explorer.fileView in workbench.view.explorer
2024-03-25 10:18:14.186 [info] Added views:dockerContainers,dockerImages,dockerRegistries,dockerNetworks,dockerVolumes,vscode-docker.views.dockerContexts,vscode-docker.views.help in workbench.view.extension.dockerView
2024-03-25 10:18:14.552 [info] Added views:workbench.debug.variablesView,workbench.debug.watchExpressionsView,workbench.debug.callStackView,workbench.debug.breakPointsView in workbench.view.debug
2024-03-25 10:18:14.801 [info] Added views:~remote.forwardedPorts in ~remote.forwardedPortsContainer
2024-03-25 10:18:15.755 [info] Added views:workbench.panel.repl.view in workbench.panel.repl
2024-03-25 10:18:15.756 [info] Removed views:workbench.debug.breakPointsView,workbench.debug.callStackView,workbench.debug.watchExpressionsView,workbench.debug.variablesView from workbench.view.debug
2024-03-25 10:18:15.756 [info] Added views:workbench.debug.welcome in workbench.view.debug
2024-03-25 10:25:29.351 [info] Added views:workbench.views.extensions.installed,workbench.views.extensions.popular,extensions.recommendedList in workbench.view.extensions
2024-03-25 10:25:29.361 [info] Removed views:workbench.views.extensions.popular from workbench.view.extensions
2024-03-25 10:25:31.496 [info] Removed views:extensions.recommendedList,workbench.views.extensions.installed from workbench.view.extensions
2024-03-25 10:25:31.520 [info] Added views:workbench.views.extensions.marketplace in workbench.view.extensions
