2024-03-25 10:11:09.228 [info] Extension host with pid 3892 started
2024-03-25 10:11:09.228 [info] Skipping acquiring lock for /root/docker/05_sample/~/vscode/User/workspaceStorage/4eb67be2856b48b06e884fbd32be0dc6.
2024-03-25 10:11:09.704 [info] ExtensionService#_doActivateExtension vscode.git-base, startup: true, activationEvent: '*', root cause: vscode.git
2024-03-25 10:11:11.565 [info] ExtensionService#_doActivateExtension vscode.git, startup: true, activationEvent: '*'
2024-03-25 10:11:11.566 [info] ExtensionService#_doActivateExtension vscode.github, startup: true, activationEvent: '*'
2024-03-25 10:11:12.000 [info] Eager extensions activated
2024-03-25 10:11:12.085 [info] ExtensionService#_doActivateExtension vscode.debug-auto-launch, startup: false, activationEvent: 'onStartupFinished'
2024-03-25 10:11:12.086 [info] ExtensionService#_doActivateExtension vscode.merge-conflict, startup: false, activationEvent: 'onStartupFinished'
2024-03-25 10:11:44.239 [info] Extension host terminating: renderer closed the MessagePort
2024-03-25 10:11:44.300 [info] Extension host with pid 3892 exiting with code 0
2024-03-25 10:11:47.136 [info] Extension host with pid 4000 started
2024-03-25 10:11:47.136 [info] Skipping acquiring lock for /root/docker/05_sample/~/vscode/User/workspaceStorage/7cd64567691dc52c247dea026cd391b3.
2024-03-25 10:11:47.220 [info] ExtensionService#_doActivateExtension vscode.git-base, startup: true, activationEvent: '*'
2024-03-25 10:11:47.354 [info] ExtensionService#_doActivateExtension vscode.github, startup: true, activationEvent: '*'
2024-03-25 10:11:47.787 [info] Eager extensions activated
2024-03-25 10:11:47.832 [info] ExtensionService#_doActivateExtension vscode.debug-auto-launch, startup: false, activationEvent: 'onStartupFinished'
2024-03-25 10:11:47.832 [info] ExtensionService#_doActivateExtension vscode.merge-conflict, startup: false, activationEvent: 'onStartupFinished'
2024-03-25 10:11:51.653 [info] ExtensionService#_doActivateExtension vscode.git, startup: false, activationEvent: 'api', root cause: vscode.github
2024-03-25 10:12:45.048 [info] Extension host terminating: renderer closed the MessagePort
2024-03-25 10:12:45.086 [info] Extension host with pid 4000 exiting with code 0
