2024-03-25 10:18:05.970 [info] Log level: Info
2024-03-25 10:18:05.970 [info] Validating found git in: "git"
2024-03-25 10:18:05.970 [info] Using git "2.43.0" from "git"
2024-03-25 10:18:19.262 [info] Log level: Info
2024-03-25 10:18:19.262 [info] Validating found git in: "git"
2024-03-25 10:18:19.262 [info] Using git "2.43.0" from "git"
2024-03-25 10:18:19.262 [info] > git rev-parse --show-toplevel [12ms]
2024-03-25 10:18:19.262 [info] fatal: not a git repository (or any of the parent directories): .git
2024-03-25 10:18:19.277 [info] > git rev-parse --show-toplevel [6ms]
2024-03-25 10:18:19.277 [info] fatal: not a git repository (or any of the parent directories): .git
2024-03-25 10:18:19.287 [info] > git rev-parse --show-toplevel [3ms]
2024-03-25 10:18:19.287 [info] fatal: not a git repository (or any of the parent directories): .git
2024-03-25 10:18:24.721 [info] > git rev-parse --show-toplevel [3ms]
2024-03-25 10:18:24.722 [info] fatal: not a git repository (or any of the parent directories): .git
2024-03-25 10:20:50.812 [info] > git rev-parse --show-toplevel [198ms]
2024-03-25 10:20:50.812 [info] fatal: not a git repository (or any of the parent directories): .git
2024-03-25 10:22:40.590 [info] > git rev-parse --show-toplevel [9ms]
2024-03-25 10:22:40.591 [info] fatal: not a git repository (or any of the parent directories): .git
2024-03-25 10:22:50.123 [info] > git rev-parse --show-toplevel [8ms]
2024-03-25 10:22:50.124 [info] fatal: not a git repository (or any of the parent directories): .git
